{"C:\\Users\\UVA\\Documents\\Alura\\Node.js\\desafio-back-end-adopet\\api\\controllers\\AdoptionsController.js": {"path":"C:\\Users\\UVA\\Documents\\Alura\\Node.js\\desafio-back-end-adopet\\api\\controllers\\AdoptionsController.js","statementMap":{"0":{"start":{"line":1,"column":30},"end":{"line":1,"column":52}},"1":{"start":{"line":3,"column":25},"end":{"line":3,"column":48}},"2":{"start":{"line":8,"column":33},"end":{"line":8,"column":43}},"3":{"start":{"line":9,"column":25},"end":{"line":9,"column":33}},"4":{"start":{"line":10,"column":4},"end":{"line":24,"column":5}},"5":{"start":{"line":11,"column":30},"end":{"line":17,"column":7}},"6":{"start":{"line":18,"column":6},"end":{"line":18,"column":51}},"7":{"start":{"line":20,"column":6},"end":{"line":20,"column":107}},"8":{"start":{"line":20,"column":47},"end":{"line":20,"column":107}},"9":{"start":{"line":21,"column":6},"end":{"line":21,"column":132}},"10":{"start":{"line":21,"column":56},"end":{"line":21,"column":132}},"11":{"start":{"line":22,"column":6},"end":{"line":22,"column":115}},"12":{"start":{"line":22,"column":51},"end":{"line":22,"column":115}},"13":{"start":{"line":23,"column":6},"end":{"line":23,"column":49}},"14":{"start":{"line":28,"column":30},"end":{"line":28,"column":40}},"15":{"start":{"line":29,"column":4},"end":{"line":38,"column":5}},"16":{"start":{"line":30,"column":29},"end":{"line":30,"column":79}},"17":{"start":{"line":31,"column":6},"end":{"line":31,"column":67}},"18":{"start":{"line":31,"column":35},"end":{"line":31,"column":67}},"19":{"start":{"line":32,"column":6},"end":{"line":32,"column":64}},"20":{"start":{"line":33,"column":6},"end":{"line":33,"column":76}},"21":{"start":{"line":35,"column":6},"end":{"line":35,"column":101}},"22":{"start":{"line":35,"column":44},"end":{"line":35,"column":101}},"23":{"start":{"line":36,"column":6},"end":{"line":36,"column":132}},"24":{"start":{"line":36,"column":56},"end":{"line":36,"column":132}},"25":{"start":{"line":37,"column":6},"end":{"line":37,"column":49}},"26":{"start":{"line":42,"column":0},"end":{"line":42,"column":37}}},"fnMap":{"0":{"name":"(anonymous_0)","decl":{"start":{"line":7,"column":2},"end":{"line":7,"column":3}},"loc":{"start":{"line":7,"column":40},"end":{"line":25,"column":3}},"line":7},"1":{"name":"(anonymous_1)","decl":{"start":{"line":27,"column":2},"end":{"line":27,"column":3}},"loc":{"start":{"line":27,"column":40},"end":{"line":39,"column":3}},"line":27}},"branchMap":{"0":{"loc":{"start":{"line":20,"column":6},"end":{"line":20,"column":107}},"type":"if","locations":[{"start":{"line":20,"column":6},"end":{"line":20,"column":107}},{"start":{},"end":{}}],"line":20},"1":{"loc":{"start":{"line":21,"column":6},"end":{"line":21,"column":132}},"type":"if","locations":[{"start":{"line":21,"column":6},"end":{"line":21,"column":132}},{"start":{},"end":{}}],"line":21},"2":{"loc":{"start":{"line":22,"column":6},"end":{"line":22,"column":115}},"type":"if","locations":[{"start":{"line":22,"column":6},"end":{"line":22,"column":115}},{"start":{},"end":{}}],"line":22},"3":{"loc":{"start":{"line":31,"column":6},"end":{"line":31,"column":67}},"type":"if","locations":[{"start":{"line":31,"column":6},"end":{"line":31,"column":67}},{"start":{},"end":{}}],"line":31},"4":{"loc":{"start":{"line":35,"column":6},"end":{"line":35,"column":101}},"type":"if","locations":[{"start":{"line":35,"column":6},"end":{"line":35,"column":101}},{"start":{},"end":{}}],"line":35},"5":{"loc":{"start":{"line":36,"column":6},"end":{"line":36,"column":132}},"type":"if","locations":[{"start":{"line":36,"column":6},"end":{"line":36,"column":132}},{"start":{},"end":{}}],"line":36}},"s":{"0":1,"1":1,"2":5,"3":5,"4":5,"5":5,"6":1,"7":4,"8":1,"9":3,"10":1,"11":2,"12":1,"13":1,"14":4,"15":4,"16":4,"17":4,"18":1,"19":3,"20":1,"21":3,"22":1,"23":2,"24":1,"25":1,"26":1},"f":{"0":5,"1":4},"b":{"0":[1,3],"1":[1,2],"2":[1,1],"3":[1,3],"4":[1,2],"5":[1,1]},"_coverageSchema":"1a1c01bbd47fc00a2c39e90264f33305004495a9","hash":"99e018f40ba1277df49957b6711e9bb646f6f4ae"}
,"C:\\Users\\UVA\\Documents\\Alura\\Node.js\\desafio-back-end-adopet\\api\\controllers\\PetsController.js": {"path":"C:\\Users\\UVA\\Documents\\Alura\\Node.js\\desafio-back-end-adopet\\api\\controllers\\PetsController.js","statementMap":{"0":{"start":{"line":1,"column":18},"end":{"line":1,"column":35}},"1":{"start":{"line":2,"column":25},"end":{"line":2,"column":47}},"2":{"start":{"line":4,"column":20},"end":{"line":4,"column":38}},"3":{"start":{"line":9,"column":4},"end":{"line":15,"column":5}},"4":{"start":{"line":10,"column":19},"end":{"line":10,"column":46}},"5":{"start":{"line":11,"column":6},"end":{"line":11,"column":85}},"6":{"start":{"line":11,"column":29},"end":{"line":11,"column":85}},"7":{"start":{"line":12,"column":6},"end":{"line":12,"column":40}},"8":{"start":{"line":14,"column":6},"end":{"line":14,"column":49}},"9":{"start":{"line":20,"column":19},"end":{"line":20,"column":29}},"10":{"start":{"line":21,"column":4},"end":{"line":27,"column":5}},"11":{"start":{"line":22,"column":18},"end":{"line":22,"column":63}},"12":{"start":{"line":23,"column":6},"end":{"line":23,"column":80}},"13":{"start":{"line":23,"column":24},"end":{"line":23,"column":80}},"14":{"start":{"line":24,"column":6},"end":{"line":24,"column":39}},"15":{"start":{"line":26,"column":6},"end":{"line":26,"column":49}},"16":{"start":{"line":31,"column":26},"end":{"line":31,"column":36}},"17":{"start":{"line":32,"column":20},"end":{"line":32,"column":28}},"18":{"start":{"line":34,"column":23},"end":{"line":34,"column":34}},"19":{"start":{"line":35,"column":4},"end":{"line":35,"column":35}},"20":{"start":{"line":36,"column":26},"end":{"line":39,"column":6}},"21":{"start":{"line":37,"column":6},"end":{"line":37,"column":46}},"22":{"start":{"line":37,"column":32},"end":{"line":37,"column":45}},"23":{"start":{"line":38,"column":6},"end":{"line":38,"column":48}},"24":{"start":{"line":38,"column":33},"end":{"line":38,"column":47}},"25":{"start":{"line":41,"column":4},"end":{"line":48,"column":5}},"26":{"start":{"line":42,"column":6},"end":{"line":42,"column":57}},"27":{"start":{"line":42,"column":26},"end":{"line":42,"column":57}},"28":{"start":{"line":43,"column":25},"end":{"line":43,"column":96}},"29":{"start":{"line":44,"column":6},"end":{"line":44,"column":46}},"30":{"start":{"line":46,"column":6},"end":{"line":46,"column":104}},"31":{"start":{"line":46,"column":43},"end":{"line":46,"column":104}},"32":{"start":{"line":47,"column":6},"end":{"line":47,"column":49}},"33":{"start":{"line":53,"column":20},"end":{"line":53,"column":28}},"34":{"start":{"line":54,"column":19},"end":{"line":54,"column":27}},"35":{"start":{"line":55,"column":4},"end":{"line":55,"column":28}},"36":{"start":{"line":57,"column":23},"end":{"line":57,"column":34}},"37":{"start":{"line":58,"column":4},"end":{"line":58,"column":35}},"38":{"start":{"line":59,"column":26},"end":{"line":62,"column":6}},"39":{"start":{"line":60,"column":6},"end":{"line":60,"column":46}},"40":{"start":{"line":60,"column":32},"end":{"line":60,"column":45}},"41":{"start":{"line":61,"column":6},"end":{"line":61,"column":48}},"42":{"start":{"line":61,"column":33},"end":{"line":61,"column":47}},"43":{"start":{"line":64,"column":4},"end":{"line":72,"column":5}},"44":{"start":{"line":65,"column":6},"end":{"line":65,"column":57}},"45":{"start":{"line":65,"column":26},"end":{"line":65,"column":57}},"46":{"start":{"line":66,"column":6},"end":{"line":66,"column":60}},"47":{"start":{"line":67,"column":25},"end":{"line":67,"column":79}},"48":{"start":{"line":68,"column":6},"end":{"line":68,"column":46}},"49":{"start":{"line":70,"column":6},"end":{"line":70,"column":104}},"50":{"start":{"line":70,"column":43},"end":{"line":70,"column":104}},"51":{"start":{"line":71,"column":6},"end":{"line":71,"column":49}},"52":{"start":{"line":77,"column":33},"end":{"line":77,"column":43}},"53":{"start":{"line":78,"column":4},"end":{"line":88,"column":5}},"54":{"start":{"line":79,"column":24},"end":{"line":79,"column":81}},"55":{"start":{"line":80,"column":6},"end":{"line":80,"column":62}},"56":{"start":{"line":80,"column":30},"end":{"line":80,"column":62}},"57":{"start":{"line":81,"column":6},"end":{"line":81,"column":98}},"58":{"start":{"line":81,"column":54},"end":{"line":81,"column":98}},"59":{"start":{"line":82,"column":6},"end":{"line":82,"column":46}},"60":{"start":{"line":83,"column":6},"end":{"line":83,"column":79}},"61":{"start":{"line":85,"column":6},"end":{"line":85,"column":101}},"62":{"start":{"line":85,"column":44},"end":{"line":85,"column":101}},"63":{"start":{"line":86,"column":6},"end":{"line":86,"column":123}},"64":{"start":{"line":86,"column":56},"end":{"line":86,"column":123}},"65":{"start":{"line":87,"column":6},"end":{"line":87,"column":49}},"66":{"start":{"line":92,"column":0},"end":{"line":92,"column":32}}},"fnMap":{"0":{"name":"(anonymous_0)","decl":{"start":{"line":8,"column":2},"end":{"line":8,"column":3}},"loc":{"start":{"line":8,"column":37},"end":{"line":16,"column":3}},"line":8},"1":{"name":"(anonymous_1)","decl":{"start":{"line":19,"column":2},"end":{"line":19,"column":3}},"loc":{"start":{"line":19,"column":37},"end":{"line":28,"column":3}},"line":19},"2":{"name":"(anonymous_2)","decl":{"start":{"line":30,"column":2},"end":{"line":30,"column":3}},"loc":{"start":{"line":30,"column":35},"end":{"line":49,"column":3}},"line":30},"3":{"name":"(anonymous_3)","decl":{"start":{"line":36,"column":44},"end":{"line":36,"column":45}},"loc":{"start":{"line":36,"column":57},"end":{"line":39,"column":5}},"line":36},"4":{"name":"(anonymous_4)","decl":{"start":{"line":37,"column":26},"end":{"line":37,"column":27}},"loc":{"start":{"line":37,"column":32},"end":{"line":37,"column":45}},"line":37},"5":{"name":"(anonymous_5)","decl":{"start":{"line":38,"column":27},"end":{"line":38,"column":28}},"loc":{"start":{"line":38,"column":33},"end":{"line":38,"column":47}},"line":38},"6":{"name":"(anonymous_6)","decl":{"start":{"line":52,"column":2},"end":{"line":52,"column":3}},"loc":{"start":{"line":52,"column":35},"end":{"line":73,"column":3}},"line":52},"7":{"name":"(anonymous_7)","decl":{"start":{"line":59,"column":44},"end":{"line":59,"column":45}},"loc":{"start":{"line":59,"column":57},"end":{"line":62,"column":5}},"line":59},"8":{"name":"(anonymous_8)","decl":{"start":{"line":60,"column":26},"end":{"line":60,"column":27}},"loc":{"start":{"line":60,"column":32},"end":{"line":60,"column":45}},"line":60},"9":{"name":"(anonymous_9)","decl":{"start":{"line":61,"column":27},"end":{"line":61,"column":28}},"loc":{"start":{"line":61,"column":33},"end":{"line":61,"column":47}},"line":61},"10":{"name":"(anonymous_10)","decl":{"start":{"line":76,"column":2},"end":{"line":76,"column":3}},"loc":{"start":{"line":76,"column":35},"end":{"line":89,"column":3}},"line":76}},"branchMap":{"0":{"loc":{"start":{"line":11,"column":6},"end":{"line":11,"column":85}},"type":"if","locations":[{"start":{"line":11,"column":6},"end":{"line":11,"column":85}},{"start":{},"end":{}}],"line":11},"1":{"loc":{"start":{"line":23,"column":6},"end":{"line":23,"column":80}},"type":"if","locations":[{"start":{"line":23,"column":6},"end":{"line":23,"column":80}},{"start":{},"end":{}}],"line":23},"2":{"loc":{"start":{"line":42,"column":6},"end":{"line":42,"column":57}},"type":"if","locations":[{"start":{"line":42,"column":6},"end":{"line":42,"column":57}},{"start":{},"end":{}}],"line":42},"3":{"loc":{"start":{"line":46,"column":6},"end":{"line":46,"column":104}},"type":"if","locations":[{"start":{"line":46,"column":6},"end":{"line":46,"column":104}},{"start":{},"end":{}}],"line":46},"4":{"loc":{"start":{"line":65,"column":6},"end":{"line":65,"column":57}},"type":"if","locations":[{"start":{"line":65,"column":6},"end":{"line":65,"column":57}},{"start":{},"end":{}}],"line":65},"5":{"loc":{"start":{"line":70,"column":6},"end":{"line":70,"column":104}},"type":"if","locations":[{"start":{"line":70,"column":6},"end":{"line":70,"column":104}},{"start":{},"end":{}}],"line":70},"6":{"loc":{"start":{"line":80,"column":6},"end":{"line":80,"column":62}},"type":"if","locations":[{"start":{"line":80,"column":6},"end":{"line":80,"column":62}},{"start":{},"end":{}}],"line":80},"7":{"loc":{"start":{"line":81,"column":6},"end":{"line":81,"column":98}},"type":"if","locations":[{"start":{"line":81,"column":6},"end":{"line":81,"column":98}},{"start":{},"end":{}}],"line":81},"8":{"loc":{"start":{"line":85,"column":6},"end":{"line":85,"column":101}},"type":"if","locations":[{"start":{"line":85,"column":6},"end":{"line":85,"column":101}},{"start":{},"end":{}}],"line":85},"9":{"loc":{"start":{"line":86,"column":6},"end":{"line":86,"column":123}},"type":"if","locations":[{"start":{"line":86,"column":6},"end":{"line":86,"column":123}},{"start":{},"end":{}}],"line":86}},"s":{"0":1,"1":1,"2":1,"3":3,"4":3,"5":2,"6":1,"7":1,"8":1,"9":3,"10":3,"11":3,"12":2,"13":1,"14":1,"15":1,"16":3,"17":3,"18":3,"19":3,"20":3,"21":3,"22":2,"23":3,"24":1,"25":3,"26":3,"27":1,"28":2,"29":1,"30":2,"31":1,"32":1,"33":3,"34":3,"35":3,"36":3,"37":3,"38":3,"39":3,"40":2,"41":3,"42":1,"43":3,"44":3,"45":1,"46":2,"47":1,"48":1,"49":2,"50":1,"51":1,"52":4,"53":4,"54":4,"55":4,"56":1,"57":3,"58":1,"59":2,"60":1,"61":3,"62":1,"63":2,"64":1,"65":1,"66":1},"f":{"0":3,"1":3,"2":3,"3":3,"4":2,"5":1,"6":3,"7":3,"8":2,"9":1,"10":4},"b":{"0":[1,1],"1":[1,1],"2":[1,2],"3":[1,1],"4":[1,2],"5":[1,1],"6":[1,3],"7":[1,2],"8":[1,2],"9":[1,1]},"_coverageSchema":"1a1c01bbd47fc00a2c39e90264f33305004495a9","hash":"58ada69da43a270fa98fa5a2dd1f6d12919eab21"}
,"C:\\Users\\UVA\\Documents\\Alura\\Node.js\\desafio-back-end-adopet\\api\\controllers\\SheltersController.js": {"path":"C:\\Users\\UVA\\Documents\\Alura\\Node.js\\desafio-back-end-adopet\\api\\controllers\\SheltersController.js","statementMap":{"0":{"start":{"line":1,"column":29},"end":{"line":1,"column":51}},"1":{"start":{"line":3,"column":24},"end":{"line":3,"column":46}},"2":{"start":{"line":8,"column":4},"end":{"line":14,"column":5}},"3":{"start":{"line":9,"column":23},"end":{"line":9,"column":54}},"4":{"start":{"line":10,"column":6},"end":{"line":10,"column":89}},"5":{"start":{"line":10,"column":33},"end":{"line":10,"column":89}},"6":{"start":{"line":11,"column":6},"end":{"line":11,"column":44}},"7":{"start":{"line":13,"column":6},"end":{"line":13,"column":49}},"8":{"start":{"line":19,"column":19},"end":{"line":19,"column":29}},"9":{"start":{"line":20,"column":4},"end":{"line":26,"column":5}},"10":{"start":{"line":21,"column":22},"end":{"line":21,"column":71}},"11":{"start":{"line":22,"column":6},"end":{"line":22,"column":84}},"12":{"start":{"line":22,"column":28},"end":{"line":22,"column":84}},"13":{"start":{"line":23,"column":6},"end":{"line":23,"column":43}},"14":{"start":{"line":25,"column":6},"end":{"line":25,"column":49}},"15":{"start":{"line":30,"column":20},"end":{"line":30,"column":28}},"16":{"start":{"line":31,"column":4},"end":{"line":39,"column":5}},"17":{"start":{"line":32,"column":6},"end":{"line":32,"column":89}},"18":{"start":{"line":32,"column":56},"end":{"line":32,"column":89}},"19":{"start":{"line":33,"column":29},"end":{"line":33,"column":66}},"20":{"start":{"line":34,"column":6},"end":{"line":34,"column":50}},"21":{"start":{"line":36,"column":6},"end":{"line":36,"column":103}},"22":{"start":{"line":36,"column":45},"end":{"line":36,"column":103}},"23":{"start":{"line":37,"column":6},"end":{"line":37,"column":118}},"24":{"start":{"line":37,"column":59},"end":{"line":37,"column":118}},"25":{"start":{"line":38,"column":6},"end":{"line":38,"column":49}},"26":{"start":{"line":43,"column":20},"end":{"line":43,"column":28}},"27":{"start":{"line":44,"column":19},"end":{"line":44,"column":27}},"28":{"start":{"line":45,"column":4},"end":{"line":53,"column":5}},"29":{"start":{"line":46,"column":6},"end":{"line":46,"column":118}},"30":{"start":{"line":46,"column":85},"end":{"line":46,"column":118}},"31":{"start":{"line":47,"column":6},"end":{"line":47,"column":64}},"32":{"start":{"line":48,"column":29},"end":{"line":48,"column":78}},"33":{"start":{"line":49,"column":6},"end":{"line":49,"column":50}},"34":{"start":{"line":51,"column":6},"end":{"line":51,"column":103}},"35":{"start":{"line":51,"column":45},"end":{"line":51,"column":103}},"36":{"start":{"line":52,"column":6},"end":{"line":52,"column":49}},"37":{"start":{"line":58,"column":19},"end":{"line":58,"column":29}},"38":{"start":{"line":59,"column":4},"end":{"line":67,"column":5}},"39":{"start":{"line":60,"column":28},"end":{"line":60,"column":77}},"40":{"start":{"line":61,"column":6},"end":{"line":61,"column":66}},"41":{"start":{"line":61,"column":34},"end":{"line":61,"column":66}},"42":{"start":{"line":62,"column":6},"end":{"line":62,"column":56}},"43":{"start":{"line":63,"column":6},"end":{"line":63,"column":76}},"44":{"start":{"line":65,"column":6},"end":{"line":65,"column":101}},"45":{"start":{"line":65,"column":44},"end":{"line":65,"column":101}},"46":{"start":{"line":66,"column":6},"end":{"line":66,"column":49}},"47":{"start":{"line":71,"column":0},"end":{"line":71,"column":36}}},"fnMap":{"0":{"name":"(anonymous_0)","decl":{"start":{"line":7,"column":2},"end":{"line":7,"column":3}},"loc":{"start":{"line":7,"column":41},"end":{"line":15,"column":3}},"line":7},"1":{"name":"(anonymous_1)","decl":{"start":{"line":18,"column":2},"end":{"line":18,"column":3}},"loc":{"start":{"line":18,"column":41},"end":{"line":27,"column":3}},"line":18},"2":{"name":"(anonymous_2)","decl":{"start":{"line":29,"column":2},"end":{"line":29,"column":3}},"loc":{"start":{"line":29,"column":39},"end":{"line":40,"column":3}},"line":29},"3":{"name":"(anonymous_3)","decl":{"start":{"line":42,"column":2},"end":{"line":42,"column":3}},"loc":{"start":{"line":42,"column":39},"end":{"line":54,"column":3}},"line":42},"4":{"name":"(anonymous_4)","decl":{"start":{"line":57,"column":2},"end":{"line":57,"column":3}},"loc":{"start":{"line":57,"column":39},"end":{"line":68,"column":3}},"line":57}},"branchMap":{"0":{"loc":{"start":{"line":10,"column":6},"end":{"line":10,"column":89}},"type":"if","locations":[{"start":{"line":10,"column":6},"end":{"line":10,"column":89}},{"start":{},"end":{}}],"line":10},"1":{"loc":{"start":{"line":22,"column":6},"end":{"line":22,"column":84}},"type":"if","locations":[{"start":{"line":22,"column":6},"end":{"line":22,"column":84}},{"start":{},"end":{}}],"line":22},"2":{"loc":{"start":{"line":32,"column":6},"end":{"line":32,"column":89}},"type":"if","locations":[{"start":{"line":32,"column":6},"end":{"line":32,"column":89}},{"start":{},"end":{}}],"line":32},"3":{"loc":{"start":{"line":36,"column":6},"end":{"line":36,"column":103}},"type":"if","locations":[{"start":{"line":36,"column":6},"end":{"line":36,"column":103}},{"start":{},"end":{}}],"line":36},"4":{"loc":{"start":{"line":37,"column":6},"end":{"line":37,"column":118}},"type":"if","locations":[{"start":{"line":37,"column":6},"end":{"line":37,"column":118}},{"start":{},"end":{}}],"line":37},"5":{"loc":{"start":{"line":46,"column":6},"end":{"line":46,"column":118}},"type":"if","locations":[{"start":{"line":46,"column":6},"end":{"line":46,"column":118}},{"start":{},"end":{}}],"line":46},"6":{"loc":{"start":{"line":46,"column":10},"end":{"line":46,"column":83}},"type":"binary-expr","locations":[{"start":{"line":46,"column":10},"end":{"line":46,"column":35}},{"start":{"line":46,"column":39},"end":{"line":46,"column":83}}],"line":46},"7":{"loc":{"start":{"line":51,"column":6},"end":{"line":51,"column":103}},"type":"if","locations":[{"start":{"line":51,"column":6},"end":{"line":51,"column":103}},{"start":{},"end":{}}],"line":51},"8":{"loc":{"start":{"line":61,"column":6},"end":{"line":61,"column":66}},"type":"if","locations":[{"start":{"line":61,"column":6},"end":{"line":61,"column":66}},{"start":{},"end":{}}],"line":61},"9":{"loc":{"start":{"line":65,"column":6},"end":{"line":65,"column":101}},"type":"if","locations":[{"start":{"line":65,"column":6},"end":{"line":65,"column":101}},{"start":{},"end":{}}],"line":65}},"s":{"0":1,"1":1,"2":3,"3":3,"4":2,"5":1,"6":1,"7":1,"8":3,"9":3,"10":3,"11":2,"12":1,"13":1,"14":1,"15":4,"16":4,"17":4,"18":1,"19":3,"20":1,"21":3,"22":1,"23":2,"24":1,"25":1,"26":3,"27":3,"28":3,"29":3,"30":1,"31":2,"32":1,"33":1,"34":2,"35":1,"36":1,"37":3,"38":3,"39":3,"40":3,"41":1,"42":2,"43":1,"44":2,"45":1,"46":1,"47":1},"f":{"0":3,"1":3,"2":4,"3":3,"4":3},"b":{"0":[1,1],"1":[1,1],"2":[1,3],"3":[1,2],"4":[1,1],"5":[1,2],"6":[3,3],"7":[1,1],"8":[1,2],"9":[1,1]},"_coverageSchema":"1a1c01bbd47fc00a2c39e90264f33305004495a9","hash":"388629a3ea0f928d9bfb861ba13a5375d7cf4e73"}
,"C:\\Users\\UVA\\Documents\\Alura\\Node.js\\desafio-back-end-adopet\\api\\controllers\\TutorsController.js": {"path":"C:\\Users\\UVA\\Documents\\Alura\\Node.js\\desafio-back-end-adopet\\api\\controllers\\TutorsController.js","statementMap":{"0":{"start":{"line":1,"column":27},"end":{"line":1,"column":49}},"1":{"start":{"line":3,"column":22},"end":{"line":3,"column":42}},"2":{"start":{"line":8,"column":4},"end":{"line":14,"column":5}},"3":{"start":{"line":9,"column":21},"end":{"line":9,"column":50}},"4":{"start":{"line":10,"column":6},"end":{"line":10,"column":87}},"5":{"start":{"line":10,"column":31},"end":{"line":10,"column":87}},"6":{"start":{"line":11,"column":6},"end":{"line":11,"column":42}},"7":{"start":{"line":13,"column":6},"end":{"line":13,"column":49}},"8":{"start":{"line":19,"column":19},"end":{"line":19,"column":29}},"9":{"start":{"line":20,"column":4},"end":{"line":26,"column":5}},"10":{"start":{"line":21,"column":20},"end":{"line":21,"column":67}},"11":{"start":{"line":22,"column":6},"end":{"line":22,"column":82}},"12":{"start":{"line":22,"column":26},"end":{"line":22,"column":82}},"13":{"start":{"line":23,"column":6},"end":{"line":23,"column":41}},"14":{"start":{"line":25,"column":6},"end":{"line":25,"column":49}},"15":{"start":{"line":30,"column":18},"end":{"line":30,"column":26}},"16":{"start":{"line":31,"column":4},"end":{"line":39,"column":5}},"17":{"start":{"line":32,"column":6},"end":{"line":32,"column":85}},"18":{"start":{"line":32,"column":52},"end":{"line":32,"column":85}},"19":{"start":{"line":33,"column":27},"end":{"line":33,"column":60}},"20":{"start":{"line":34,"column":6},"end":{"line":34,"column":48}},"21":{"start":{"line":36,"column":6},"end":{"line":36,"column":103}},"22":{"start":{"line":36,"column":45},"end":{"line":36,"column":103}},"23":{"start":{"line":37,"column":6},"end":{"line":37,"column":118}},"24":{"start":{"line":37,"column":59},"end":{"line":37,"column":118}},"25":{"start":{"line":38,"column":6},"end":{"line":38,"column":49}},"26":{"start":{"line":43,"column":20},"end":{"line":43,"column":28}},"27":{"start":{"line":44,"column":19},"end":{"line":44,"column":27}},"28":{"start":{"line":45,"column":4},"end":{"line":53,"column":5}},"29":{"start":{"line":46,"column":6},"end":{"line":46,"column":118}},"30":{"start":{"line":46,"column":85},"end":{"line":46,"column":118}},"31":{"start":{"line":47,"column":6},"end":{"line":47,"column":62}},"32":{"start":{"line":48,"column":27},"end":{"line":48,"column":74}},"33":{"start":{"line":49,"column":6},"end":{"line":49,"column":48}},"34":{"start":{"line":51,"column":6},"end":{"line":51,"column":103}},"35":{"start":{"line":51,"column":45},"end":{"line":51,"column":103}},"36":{"start":{"line":52,"column":6},"end":{"line":52,"column":49}},"37":{"start":{"line":58,"column":19},"end":{"line":58,"column":29}},"38":{"start":{"line":59,"column":4},"end":{"line":67,"column":5}},"39":{"start":{"line":60,"column":26},"end":{"line":60,"column":73}},"40":{"start":{"line":61,"column":6},"end":{"line":61,"column":64}},"41":{"start":{"line":61,"column":32},"end":{"line":61,"column":64}},"42":{"start":{"line":62,"column":6},"end":{"line":62,"column":54}},"43":{"start":{"line":63,"column":6},"end":{"line":63,"column":76}},"44":{"start":{"line":65,"column":6},"end":{"line":65,"column":101}},"45":{"start":{"line":65,"column":44},"end":{"line":65,"column":101}},"46":{"start":{"line":66,"column":6},"end":{"line":66,"column":49}},"47":{"start":{"line":71,"column":0},"end":{"line":71,"column":34}}},"fnMap":{"0":{"name":"(anonymous_0)","decl":{"start":{"line":7,"column":2},"end":{"line":7,"column":3}},"loc":{"start":{"line":7,"column":39},"end":{"line":15,"column":3}},"line":7},"1":{"name":"(anonymous_1)","decl":{"start":{"line":18,"column":2},"end":{"line":18,"column":3}},"loc":{"start":{"line":18,"column":39},"end":{"line":27,"column":3}},"line":18},"2":{"name":"(anonymous_2)","decl":{"start":{"line":29,"column":2},"end":{"line":29,"column":3}},"loc":{"start":{"line":29,"column":37},"end":{"line":40,"column":3}},"line":29},"3":{"name":"(anonymous_3)","decl":{"start":{"line":42,"column":2},"end":{"line":42,"column":3}},"loc":{"start":{"line":42,"column":37},"end":{"line":54,"column":3}},"line":42},"4":{"name":"(anonymous_4)","decl":{"start":{"line":57,"column":2},"end":{"line":57,"column":3}},"loc":{"start":{"line":57,"column":37},"end":{"line":68,"column":3}},"line":57}},"branchMap":{"0":{"loc":{"start":{"line":10,"column":6},"end":{"line":10,"column":87}},"type":"if","locations":[{"start":{"line":10,"column":6},"end":{"line":10,"column":87}},{"start":{},"end":{}}],"line":10},"1":{"loc":{"start":{"line":22,"column":6},"end":{"line":22,"column":82}},"type":"if","locations":[{"start":{"line":22,"column":6},"end":{"line":22,"column":82}},{"start":{},"end":{}}],"line":22},"2":{"loc":{"start":{"line":32,"column":6},"end":{"line":32,"column":85}},"type":"if","locations":[{"start":{"line":32,"column":6},"end":{"line":32,"column":85}},{"start":{},"end":{}}],"line":32},"3":{"loc":{"start":{"line":36,"column":6},"end":{"line":36,"column":103}},"type":"if","locations":[{"start":{"line":36,"column":6},"end":{"line":36,"column":103}},{"start":{},"end":{}}],"line":36},"4":{"loc":{"start":{"line":37,"column":6},"end":{"line":37,"column":118}},"type":"if","locations":[{"start":{"line":37,"column":6},"end":{"line":37,"column":118}},{"start":{},"end":{}}],"line":37},"5":{"loc":{"start":{"line":46,"column":6},"end":{"line":46,"column":118}},"type":"if","locations":[{"start":{"line":46,"column":6},"end":{"line":46,"column":118}},{"start":{},"end":{}}],"line":46},"6":{"loc":{"start":{"line":46,"column":10},"end":{"line":46,"column":83}},"type":"binary-expr","locations":[{"start":{"line":46,"column":10},"end":{"line":46,"column":35}},{"start":{"line":46,"column":39},"end":{"line":46,"column":83}}],"line":46},"7":{"loc":{"start":{"line":51,"column":6},"end":{"line":51,"column":103}},"type":"if","locations":[{"start":{"line":51,"column":6},"end":{"line":51,"column":103}},{"start":{},"end":{}}],"line":51},"8":{"loc":{"start":{"line":61,"column":6},"end":{"line":61,"column":64}},"type":"if","locations":[{"start":{"line":61,"column":6},"end":{"line":61,"column":64}},{"start":{},"end":{}}],"line":61},"9":{"loc":{"start":{"line":65,"column":6},"end":{"line":65,"column":101}},"type":"if","locations":[{"start":{"line":65,"column":6},"end":{"line":65,"column":101}},{"start":{},"end":{}}],"line":65}},"s":{"0":1,"1":1,"2":3,"3":3,"4":2,"5":1,"6":1,"7":1,"8":3,"9":3,"10":3,"11":2,"12":1,"13":1,"14":1,"15":4,"16":4,"17":4,"18":1,"19":3,"20":1,"21":3,"22":1,"23":2,"24":1,"25":1,"26":3,"27":3,"28":3,"29":3,"30":1,"31":2,"32":1,"33":1,"34":2,"35":1,"36":1,"37":3,"38":3,"39":3,"40":3,"41":1,"42":2,"43":1,"44":2,"45":1,"46":1,"47":1},"f":{"0":3,"1":3,"2":4,"3":3,"4":3},"b":{"0":[1,1],"1":[1,1],"2":[1,3],"3":[1,2],"4":[1,1],"5":[1,2],"6":[3,3],"7":[1,1],"8":[1,2],"9":[1,1]},"_coverageSchema":"1a1c01bbd47fc00a2c39e90264f33305004495a9","hash":"57ee719e262f50e5a93f652e5b93a26a535c3daf"}
,"C:\\Users\\UVA\\Documents\\Alura\\Node.js\\desafio-back-end-adopet\\api\\models\\adoption.js": {"path":"C:\\Users\\UVA\\Documents\\Alura\\Node.js\\desafio-back-end-adopet\\api\\models\\adoption.js","statementMap":{"0":{"start":{"line":3,"column":18},"end":{"line":3,"column":38}},"1":{"start":{"line":5,"column":0},"end":{"line":33,"column":2}},"2":{"start":{"line":14,"column":6},"end":{"line":16,"column":9}},"3":{"start":{"line":17,"column":6},"end":{"line":19,"column":9}},"4":{"start":{"line":22,"column":2},"end":{"line":31,"column":5}},"5":{"start":{"line":32,"column":2},"end":{"line":32,"column":18}}},"fnMap":{"0":{"name":"(anonymous_0)","decl":{"start":{"line":5,"column":17},"end":{"line":5,"column":18}},"loc":{"start":{"line":5,"column":43},"end":{"line":33,"column":1}},"line":5},"1":{"name":"(anonymous_1)","decl":{"start":{"line":12,"column":4},"end":{"line":12,"column":5}},"loc":{"start":{"line":12,"column":29},"end":{"line":20,"column":5}},"line":12}},"branchMap":{},"s":{"0":8,"1":8,"2":8,"3":8,"4":8,"5":8},"f":{"0":8,"1":8},"b":{},"_coverageSchema":"1a1c01bbd47fc00a2c39e90264f33305004495a9","hash":"9017c043f0fb1625578c2cc6c29e3073137a9d8d"}
,"C:\\Users\\UVA\\Documents\\Alura\\Node.js\\desafio-back-end-adopet\\api\\models\\index.js": {"path":"C:\\Users\\UVA\\Documents\\Alura\\Node.js\\desafio-back-end-adopet\\api\\models\\index.js","statementMap":{"0":{"start":{"line":3,"column":11},"end":{"line":3,"column":24}},"1":{"start":{"line":4,"column":13},"end":{"line":4,"column":28}},"2":{"start":{"line":5,"column":18},"end":{"line":5,"column":38}},"3":{"start":{"line":6,"column":16},"end":{"line":6,"column":34}},"4":{"start":{"line":7,"column":17},"end":{"line":7,"column":42}},"5":{"start":{"line":8,"column":12},"end":{"line":8,"column":49}},"6":{"start":{"line":9,"column":15},"end":{"line":9,"column":65}},"7":{"start":{"line":10,"column":11},"end":{"line":10,"column":13}},"8":{"start":{"line":13,"column":0},"end":{"line":17,"column":1}},"9":{"start":{"line":14,"column":2},"end":{"line":14,"column":74}},"10":{"start":{"line":16,"column":2},"end":{"line":16,"column":87}},"11":{"start":{"line":19,"column":0},"end":{"line":32,"column":5}},"12":{"start":{"line":22,"column":4},"end":{"line":27,"column":6}},"13":{"start":{"line":30,"column":18},"end":{"line":30,"column":85}},"14":{"start":{"line":31,"column":4},"end":{"line":31,"column":27}},"15":{"start":{"line":34,"column":0},"end":{"line":38,"column":3}},"16":{"start":{"line":35,"column":2},"end":{"line":37,"column":3}},"17":{"start":{"line":36,"column":4},"end":{"line":36,"column":32}},"18":{"start":{"line":40,"column":0},"end":{"line":40,"column":25}},"19":{"start":{"line":41,"column":0},"end":{"line":41,"column":25}},"20":{"start":{"line":43,"column":0},"end":{"line":43,"column":20}}},"fnMap":{"0":{"name":"(anonymous_0)","decl":{"start":{"line":21,"column":10},"end":{"line":21,"column":11}},"loc":{"start":{"line":21,"column":18},"end":{"line":28,"column":3}},"line":21},"1":{"name":"(anonymous_1)","decl":{"start":{"line":29,"column":11},"end":{"line":29,"column":12}},"loc":{"start":{"line":29,"column":19},"end":{"line":32,"column":3}},"line":29},"2":{"name":"(anonymous_2)","decl":{"start":{"line":34,"column":24},"end":{"line":34,"column":25}},"loc":{"start":{"line":34,"column":37},"end":{"line":38,"column":1}},"line":34}},"branchMap":{"0":{"loc":{"start":{"line":8,"column":12},"end":{"line":8,"column":49}},"type":"binary-expr","locations":[{"start":{"line":8,"column":12},"end":{"line":8,"column":32}},{"start":{"line":8,"column":36},"end":{"line":8,"column":49}}],"line":8},"1":{"loc":{"start":{"line":13,"column":0},"end":{"line":17,"column":1}},"type":"if","locations":[{"start":{"line":13,"column":0},"end":{"line":17,"column":1}},{"start":{"line":15,"column":7},"end":{"line":17,"column":1}}],"line":13},"2":{"loc":{"start":{"line":23,"column":6},"end":{"line":26,"column":37}},"type":"binary-expr","locations":[{"start":{"line":23,"column":6},"end":{"line":23,"column":29}},{"start":{"line":24,"column":6},"end":{"line":24,"column":23}},{"start":{"line":25,"column":6},"end":{"line":25,"column":30}},{"start":{"line":26,"column":6},"end":{"line":26,"column":37}}],"line":23},"3":{"loc":{"start":{"line":35,"column":2},"end":{"line":37,"column":3}},"type":"if","locations":[{"start":{"line":35,"column":2},"end":{"line":37,"column":3}},{"start":{},"end":{}}],"line":35}},"s":{"0":8,"1":8,"2":8,"3":8,"4":8,"5":8,"6":8,"7":8,"8":8,"9":0,"10":8,"11":8,"12":40,"13":32,"14":32,"15":8,"16":32,"17":32,"18":8,"19":8,"20":8},"f":{"0":40,"1":32,"2":32},"b":{"0":[8,0],"1":[0,8],"2":[40,40,32,32],"3":[32,0]},"_coverageSchema":"1a1c01bbd47fc00a2c39e90264f33305004495a9","hash":"f6a6ce8910748edbc022de6cadeee7804b7d9159"}
,"C:\\Users\\UVA\\Documents\\Alura\\Node.js\\desafio-back-end-adopet\\api\\models\\pet.js": {"path":"C:\\Users\\UVA\\Documents\\Alura\\Node.js\\desafio-back-end-adopet\\api\\models\\pet.js","statementMap":{"0":{"start":{"line":3,"column":18},"end":{"line":3,"column":38}},"1":{"start":{"line":5,"column":0},"end":{"line":85,"column":2}},"2":{"start":{"line":14,"column":6},"end":{"line":16,"column":9}},"3":{"start":{"line":17,"column":6},"end":{"line":19,"column":9}},"4":{"start":{"line":22,"column":2},"end":{"line":83,"column":5}},"5":{"start":{"line":84,"column":2},"end":{"line":84,"column":13}}},"fnMap":{"0":{"name":"(anonymous_0)","decl":{"start":{"line":5,"column":17},"end":{"line":5,"column":18}},"loc":{"start":{"line":5,"column":43},"end":{"line":85,"column":1}},"line":5},"1":{"name":"(anonymous_1)","decl":{"start":{"line":12,"column":4},"end":{"line":12,"column":5}},"loc":{"start":{"line":12,"column":29},"end":{"line":20,"column":5}},"line":12}},"branchMap":{},"s":{"0":8,"1":8,"2":8,"3":8,"4":8,"5":8},"f":{"0":8,"1":8},"b":{},"_coverageSchema":"1a1c01bbd47fc00a2c39e90264f33305004495a9","hash":"5a7da87d369e6fe9bcf21b39e736377fceecae24"}
,"C:\\Users\\UVA\\Documents\\Alura\\Node.js\\desafio-back-end-adopet\\api\\models\\shelter.js": {"path":"C:\\Users\\UVA\\Documents\\Alura\\Node.js\\desafio-back-end-adopet\\api\\models\\shelter.js","statementMap":{"0":{"start":{"line":3,"column":18},"end":{"line":3,"column":38}},"1":{"start":{"line":5,"column":0},"end":{"line":64,"column":2}},"2":{"start":{"line":14,"column":6},"end":{"line":16,"column":9}},"3":{"start":{"line":19,"column":2},"end":{"line":62,"column":5}},"4":{"start":{"line":63,"column":2},"end":{"line":63,"column":17}}},"fnMap":{"0":{"name":"(anonymous_0)","decl":{"start":{"line":5,"column":17},"end":{"line":5,"column":18}},"loc":{"start":{"line":5,"column":43},"end":{"line":64,"column":1}},"line":5},"1":{"name":"(anonymous_1)","decl":{"start":{"line":12,"column":4},"end":{"line":12,"column":5}},"loc":{"start":{"line":12,"column":29},"end":{"line":17,"column":5}},"line":12}},"branchMap":{},"s":{"0":8,"1":8,"2":8,"3":8,"4":8},"f":{"0":8,"1":8},"b":{},"_coverageSchema":"1a1c01bbd47fc00a2c39e90264f33305004495a9","hash":"45afd1fb9c611a527066e8f3db0dfea4f8e10d6c"}
,"C:\\Users\\UVA\\Documents\\Alura\\Node.js\\desafio-back-end-adopet\\api\\models\\tutor.js": {"path":"C:\\Users\\UVA\\Documents\\Alura\\Node.js\\desafio-back-end-adopet\\api\\models\\tutor.js","statementMap":{"0":{"start":{"line":3,"column":18},"end":{"line":3,"column":38}},"1":{"start":{"line":5,"column":0},"end":{"line":72,"column":2}},"2":{"start":{"line":14,"column":6},"end":{"line":16,"column":9}},"3":{"start":{"line":19,"column":2},"end":{"line":70,"column":5}},"4":{"start":{"line":71,"column":2},"end":{"line":71,"column":15}}},"fnMap":{"0":{"name":"(anonymous_0)","decl":{"start":{"line":5,"column":17},"end":{"line":5,"column":18}},"loc":{"start":{"line":5,"column":43},"end":{"line":72,"column":1}},"line":5},"1":{"name":"(anonymous_1)","decl":{"start":{"line":12,"column":4},"end":{"line":12,"column":5}},"loc":{"start":{"line":12,"column":29},"end":{"line":17,"column":5}},"line":12}},"branchMap":{},"s":{"0":8,"1":8,"2":8,"3":8,"4":8},"f":{"0":8,"1":8},"b":{},"_coverageSchema":"1a1c01bbd47fc00a2c39e90264f33305004495a9","hash":"2811ac8b2e3e5d57b54ea59e86b496c37ad7228d"}
,"C:\\Users\\UVA\\Documents\\Alura\\Node.js\\desafio-back-end-adopet\\api\\services\\AdoptionsServices.js": {"path":"C:\\Users\\UVA\\Documents\\Alura\\Node.js\\desafio-back-end-adopet\\api\\services\\AdoptionsServices.js","statementMap":{"0":{"start":{"line":1,"column":17},"end":{"line":1,"column":38}},"1":{"start":{"line":2,"column":21},"end":{"line":2,"column":46}},"2":{"start":{"line":3,"column":17},"end":{"line":3,"column":37}},"3":{"start":{"line":7,"column":4},"end":{"line":7,"column":22}},"4":{"start":{"line":8,"column":4},"end":{"line":8,"column":35}},"5":{"start":{"line":12,"column":23},"end":{"line":12,"column":84}},"6":{"start":{"line":13,"column":4},"end":{"line":13,"column":64}},"7":{"start":{"line":13,"column":29},"end":{"line":13,"column":64}},"8":{"start":{"line":14,"column":4},"end":{"line":14,"column":96}},"9":{"start":{"line":14,"column":52},"end":{"line":14,"column":96}},"10":{"start":{"line":15,"column":4},"end":{"line":15,"column":77}},"11":{"start":{"line":15,"column":38},"end":{"line":15,"column":77}},"12":{"start":{"line":18,"column":4},"end":{"line":21,"column":7}},"13":{"start":{"line":19,"column":6},"end":{"line":19,"column":44}},"14":{"start":{"line":20,"column":6},"end":{"line":20,"column":90}},"15":{"start":{"line":23,"column":4},"end":{"line":23,"column":67}},"16":{"start":{"line":27,"column":27},"end":{"line":27,"column":92}},"17":{"start":{"line":28,"column":4},"end":{"line":28,"column":100}},"18":{"start":{"line":28,"column":56},"end":{"line":28,"column":100}},"19":{"start":{"line":30,"column":4},"end":{"line":33,"column":7}},"20":{"start":{"line":31,"column":6},"end":{"line":31,"column":95}},"21":{"start":{"line":32,"column":6},"end":{"line":32,"column":52}},"22":{"start":{"line":37,"column":0},"end":{"line":37,"column":35}}},"fnMap":{"0":{"name":"(anonymous_0)","decl":{"start":{"line":6,"column":2},"end":{"line":6,"column":3}},"loc":{"start":{"line":6,"column":16},"end":{"line":9,"column":3}},"line":6},"1":{"name":"(anonymous_1)","decl":{"start":{"line":11,"column":2},"end":{"line":11,"column":3}},"loc":{"start":{"line":11,"column":32},"end":{"line":24,"column":3}},"line":11},"2":{"name":"(anonymous_2)","decl":{"start":{"line":18,"column":41},"end":{"line":18,"column":42}},"loc":{"start":{"line":18,"column":64},"end":{"line":21,"column":5}},"line":18},"3":{"name":"(anonymous_3)","decl":{"start":{"line":26,"column":2},"end":{"line":26,"column":3}},"loc":{"start":{"line":26,"column":37},"end":{"line":34,"column":3}},"line":26},"4":{"name":"(anonymous_4)","decl":{"start":{"line":30,"column":42},"end":{"line":30,"column":43}},"loc":{"start":{"line":30,"column":65},"end":{"line":33,"column":5}},"line":30}},"branchMap":{"0":{"loc":{"start":{"line":13,"column":4},"end":{"line":13,"column":64}},"type":"if","locations":[{"start":{"line":13,"column":4},"end":{"line":13,"column":64}},{"start":{},"end":{}}],"line":13},"1":{"loc":{"start":{"line":14,"column":4},"end":{"line":14,"column":96}},"type":"if","locations":[{"start":{"line":14,"column":4},"end":{"line":14,"column":96}},{"start":{},"end":{}}],"line":14},"2":{"loc":{"start":{"line":15,"column":4},"end":{"line":15,"column":77}},"type":"if","locations":[{"start":{"line":15,"column":4},"end":{"line":15,"column":77}},{"start":{},"end":{}}],"line":15},"3":{"loc":{"start":{"line":28,"column":4},"end":{"line":28,"column":100}},"type":"if","locations":[{"start":{"line":28,"column":4},"end":{"line":28,"column":100}},{"start":{},"end":{}}],"line":28}},"s":{"0":4,"1":4,"2":4,"3":1,"4":1,"5":0,"6":0,"7":0,"8":0,"9":0,"10":0,"11":0,"12":0,"13":0,"14":0,"15":0,"16":0,"17":0,"18":0,"19":0,"20":0,"21":0,"22":4},"f":{"0":1,"1":0,"2":0,"3":0,"4":0},"b":{"0":[0,0],"1":[0,0],"2":[0,0],"3":[0,0]},"_coverageSchema":"1a1c01bbd47fc00a2c39e90264f33305004495a9","hash":"0f4ba7c77c0eded466d6c61d73e93bc8714b68bd"}
,"C:\\Users\\UVA\\Documents\\Alura\\Node.js\\desafio-back-end-adopet\\api\\services\\PetsServices.js": {"path":"C:\\Users\\UVA\\Documents\\Alura\\Node.js\\desafio-back-end-adopet\\api\\services\\PetsServices.js","statementMap":{"0":{"start":{"line":1,"column":17},"end":{"line":1,"column":38}},"1":{"start":{"line":2,"column":17},"end":{"line":2,"column":37}},"2":{"start":{"line":6,"column":4},"end":{"line":6,"column":17}},"3":{"start":{"line":10,"column":4},"end":{"line":10,"column":130}},"4":{"start":{"line":14,"column":4},"end":{"line":14,"column":130}},"5":{"start":{"line":20,"column":4},"end":{"line":20,"column":107}},"6":{"start":{"line":26,"column":4},"end":{"line":26,"column":102}},"7":{"start":{"line":30,"column":0},"end":{"line":30,"column":30}}},"fnMap":{"0":{"name":"(anonymous_0)","decl":{"start":{"line":5,"column":2},"end":{"line":5,"column":3}},"loc":{"start":{"line":5,"column":16},"end":{"line":7,"column":3}},"line":5},"1":{"name":"(anonymous_1)","decl":{"start":{"line":9,"column":2},"end":{"line":9,"column":3}},"loc":{"start":{"line":9,"column":37},"end":{"line":11,"column":3}},"line":9},"2":{"name":"(anonymous_2)","decl":{"start":{"line":13,"column":2},"end":{"line":13,"column":3}},"loc":{"start":{"line":13,"column":37},"end":{"line":15,"column":3}},"line":13},"3":{"name":"(anonymous_3)","decl":{"start":{"line":19,"column":2},"end":{"line":19,"column":3}},"loc":{"start":{"line":19,"column":51},"end":{"line":21,"column":3}},"line":19},"4":{"name":"(anonymous_4)","decl":{"start":{"line":25,"column":2},"end":{"line":25,"column":3}},"loc":{"start":{"line":25,"column":46},"end":{"line":27,"column":3}},"line":25}},"branchMap":{"0":{"loc":{"start":{"line":9,"column":25},"end":{"line":9,"column":35}},"type":"default-arg","locations":[{"start":{"line":9,"column":33},"end":{"line":9,"column":35}}],"line":9},"1":{"loc":{"start":{"line":13,"column":25},"end":{"line":13,"column":35}},"type":"default-arg","locations":[{"start":{"line":13,"column":33},"end":{"line":13,"column":35}}],"line":13},"2":{"loc":{"start":{"line":19,"column":21},"end":{"line":19,"column":31}},"type":"default-arg","locations":[{"start":{"line":19,"column":29},"end":{"line":19,"column":31}}],"line":19},"3":{"loc":{"start":{"line":19,"column":33},"end":{"line":19,"column":49}},"type":"default-arg","locations":[{"start":{"line":19,"column":47},"end":{"line":19,"column":49}}],"line":19},"4":{"loc":{"start":{"line":25,"column":16},"end":{"line":25,"column":26}},"type":"default-arg","locations":[{"start":{"line":25,"column":24},"end":{"line":25,"column":26}}],"line":25},"5":{"loc":{"start":{"line":25,"column":28},"end":{"line":25,"column":44}},"type":"default-arg","locations":[{"start":{"line":25,"column":42},"end":{"line":25,"column":44}}],"line":25}},"s":{"0":4,"1":4,"2":2,"3":0,"4":0,"5":0,"6":0,"7":4},"f":{"0":2,"1":0,"2":0,"3":0,"4":0},"b":{"0":[0],"1":[0],"2":[0],"3":[0],"4":[0],"5":[0]},"_coverageSchema":"1a1c01bbd47fc00a2c39e90264f33305004495a9","hash":"e2f3e73699266bf083c01b38ddd5e330109f002c"}
,"C:\\Users\\UVA\\Documents\\Alura\\Node.js\\desafio-back-end-adopet\\api\\services\\Services.js": {"path":"C:\\Users\\UVA\\Documents\\Alura\\Node.js\\desafio-back-end-adopet\\api\\services\\Services.js","statementMap":{"0":{"start":{"line":1,"column":17},"end":{"line":1,"column":37}},"1":{"start":{"line":5,"column":4},"end":{"line":5,"column":31}},"2":{"start":{"line":9,"column":4},"end":{"line":9,"column":69}},"3":{"start":{"line":13,"column":4},"end":{"line":13,"column":69}},"4":{"start":{"line":17,"column":4},"end":{"line":17,"column":62}},"5":{"start":{"line":21,"column":4},"end":{"line":21,"column":87}},"6":{"start":{"line":25,"column":4},"end":{"line":25,"column":82}},"7":{"start":{"line":29,"column":0},"end":{"line":29,"column":26}}},"fnMap":{"0":{"name":"(anonymous_0)","decl":{"start":{"line":4,"column":2},"end":{"line":4,"column":3}},"loc":{"start":{"line":4,"column":25},"end":{"line":6,"column":3}},"line":4},"1":{"name":"(anonymous_1)","decl":{"start":{"line":8,"column":2},"end":{"line":8,"column":3}},"loc":{"start":{"line":8,"column":28},"end":{"line":10,"column":3}},"line":8},"2":{"name":"(anonymous_2)","decl":{"start":{"line":12,"column":2},"end":{"line":12,"column":3}},"loc":{"start":{"line":12,"column":28},"end":{"line":14,"column":3}},"line":12},"3":{"name":"(anonymous_3)","decl":{"start":{"line":16,"column":2},"end":{"line":16,"column":3}},"loc":{"start":{"line":16,"column":39},"end":{"line":18,"column":3}},"line":16},"4":{"name":"(anonymous_4)","decl":{"start":{"line":20,"column":2},"end":{"line":20,"column":3}},"loc":{"start":{"line":20,"column":46},"end":{"line":22,"column":3}},"line":20},"5":{"name":"(anonymous_5)","decl":{"start":{"line":24,"column":2},"end":{"line":24,"column":3}},"loc":{"start":{"line":24,"column":41},"end":{"line":26,"column":3}},"line":24}},"branchMap":{"0":{"loc":{"start":{"line":8,"column":16},"end":{"line":8,"column":26}},"type":"default-arg","locations":[{"start":{"line":8,"column":24},"end":{"line":8,"column":26}}],"line":8},"1":{"loc":{"start":{"line":12,"column":16},"end":{"line":12,"column":26}},"type":"default-arg","locations":[{"start":{"line":12,"column":24},"end":{"line":12,"column":26}}],"line":12},"2":{"loc":{"start":{"line":16,"column":21},"end":{"line":16,"column":37}},"type":"default-arg","locations":[{"start":{"line":16,"column":35},"end":{"line":16,"column":37}}],"line":16},"3":{"loc":{"start":{"line":20,"column":28},"end":{"line":20,"column":44}},"type":"default-arg","locations":[{"start":{"line":20,"column":42},"end":{"line":20,"column":44}}],"line":20},"4":{"loc":{"start":{"line":24,"column":23},"end":{"line":24,"column":39}},"type":"default-arg","locations":[{"start":{"line":24,"column":37},"end":{"line":24,"column":39}}],"line":24}},"s":{"0":4,"1":5,"2":0,"3":0,"4":0,"5":0,"6":0,"7":4},"f":{"0":5,"1":0,"2":0,"3":0,"4":0,"5":0},"b":{"0":[0],"1":[0],"2":[0],"3":[0],"4":[0]},"_coverageSchema":"1a1c01bbd47fc00a2c39e90264f33305004495a9","hash":"a9131768a6dd32da1bb9d6c56947035278354554"}
,"C:\\Users\\UVA\\Documents\\Alura\\Node.js\\desafio-back-end-adopet\\api\\services\\SheltersServices.js": {"path":"C:\\Users\\UVA\\Documents\\Alura\\Node.js\\desafio-back-end-adopet\\api\\services\\SheltersServices.js","statementMap":{"0":{"start":{"line":1,"column":17},"end":{"line":1,"column":38}},"1":{"start":{"line":5,"column":4},"end":{"line":5,"column":21}},"2":{"start":{"line":9,"column":0},"end":{"line":9,"column":34}}},"fnMap":{"0":{"name":"(anonymous_0)","decl":{"start":{"line":4,"column":2},"end":{"line":4,"column":3}},"loc":{"start":{"line":4,"column":16},"end":{"line":6,"column":3}},"line":4}},"branchMap":{},"s":{"0":4,"1":1,"2":4},"f":{"0":1},"b":{},"_coverageSchema":"1a1c01bbd47fc00a2c39e90264f33305004495a9","hash":"bfe645b58ffa4b8815c2cbb7b8f74f9475ba121f"}
,"C:\\Users\\UVA\\Documents\\Alura\\Node.js\\desafio-back-end-adopet\\api\\services\\TutorsServices.js": {"path":"C:\\Users\\UVA\\Documents\\Alura\\Node.js\\desafio-back-end-adopet\\api\\services\\TutorsServices.js","statementMap":{"0":{"start":{"line":1,"column":17},"end":{"line":1,"column":38}},"1":{"start":{"line":5,"column":4},"end":{"line":5,"column":19}},"2":{"start":{"line":9,"column":0},"end":{"line":9,"column":32}}},"fnMap":{"0":{"name":"(anonymous_0)","decl":{"start":{"line":4,"column":2},"end":{"line":4,"column":3}},"loc":{"start":{"line":4,"column":16},"end":{"line":6,"column":3}},"line":4}},"branchMap":{},"s":{"0":4,"1":1,"2":4},"f":{"0":1},"b":{},"_coverageSchema":"1a1c01bbd47fc00a2c39e90264f33305004495a9","hash":"2cb4dfeff4d2c66a5a59b36d696525195869d41c"}
,"C:\\Users\\UVA\\Documents\\Alura\\Node.js\\desafio-back-end-adopet\\api\\services\\index.js": {"path":"C:\\Users\\UVA\\Documents\\Alura\\Node.js\\desafio-back-end-adopet\\api\\services\\index.js","statementMap":{"0":{"start":{"line":1,"column":23},"end":{"line":1,"column":50}},"1":{"start":{"line":2,"column":25},"end":{"line":2,"column":54}},"2":{"start":{"line":3,"column":21},"end":{"line":3,"column":46}},"3":{"start":{"line":4,"column":26},"end":{"line":4,"column":56}},"4":{"start":{"line":6,"column":0},"end":{"line":11,"column":2}}},"fnMap":{},"branchMap":{},"s":{"0":4,"1":4,"2":4,"3":4,"4":4},"f":{},"b":{},"_coverageSchema":"1a1c01bbd47fc00a2c39e90264f33305004495a9","hash":"30472335db1cf4eb639a775e4914c745bb5b685e"}
}
