TN:
SF:api\controllers\AdoptionsController.js
FN:7,(anonymous_0)
FN:27,(anonymous_1)
FNF:2
FNH:2
FNDA:5,(anonymous_0)
FNDA:4,(anonymous_1)
DA:1,1
DA:3,1
DA:8,5
DA:9,5
DA:10,5
DA:11,5
DA:18,1
DA:20,4
DA:21,3
DA:22,2
DA:23,1
DA:28,4
DA:29,4
DA:30,4
DA:31,4
DA:32,3
DA:33,1
DA:35,3
DA:36,2
DA:37,1
DA:42,1
LF:21
LH:21
BRDA:20,0,0,1
BRDA:20,0,1,3
BRDA:21,1,0,1
BRDA:21,1,1,2
BRDA:22,2,0,1
BRDA:22,2,1,1
BRDA:31,3,0,1
BRDA:31,3,1,3
BRDA:35,4,0,1
BRDA:35,4,1,2
BRDA:36,5,0,1
BRDA:36,5,1,1
BRF:12
BRH:12
end_of_record
TN:
SF:api\controllers\PetsController.js
FN:8,(anonymous_0)
FN:19,(anonymous_1)
FN:30,(anonymous_2)
FN:36,(anonymous_3)
FN:37,(anonymous_4)
FN:38,(anonymous_5)
FN:52,(anonymous_6)
FN:59,(anonymous_7)
FN:60,(anonymous_8)
FN:61,(anonymous_9)
FN:76,(anonymous_10)
FNF:11
FNH:11
FNDA:3,(anonymous_0)
FNDA:3,(anonymous_1)
FNDA:3,(anonymous_2)
FNDA:3,(anonymous_3)
FNDA:2,(anonymous_4)
FNDA:1,(anonymous_5)
FNDA:3,(anonymous_6)
FNDA:3,(anonymous_7)
FNDA:2,(anonymous_8)
FNDA:1,(anonymous_9)
FNDA:4,(anonymous_10)
DA:1,1
DA:2,1
DA:4,1
DA:9,3
DA:10,3
DA:11,2
DA:12,1
DA:14,1
DA:20,3
DA:21,3
DA:22,3
DA:23,2
DA:24,1
DA:26,1
DA:31,3
DA:32,3
DA:34,3
DA:35,3
DA:36,3
DA:37,3
DA:38,3
DA:41,3
DA:42,3
DA:43,2
DA:44,1
DA:46,2
DA:47,1
DA:53,3
DA:54,3
DA:55,3
DA:57,3
DA:58,3
DA:59,3
DA:60,3
DA:61,3
DA:64,3
DA:65,3
DA:66,2
DA:67,1
DA:68,1
DA:70,2
DA:71,1
DA:77,4
DA:78,4
DA:79,4
DA:80,4
DA:81,3
DA:82,2
DA:83,1
DA:85,3
DA:86,2
DA:87,1
DA:92,1
LF:53
LH:53
BRDA:11,0,0,1
BRDA:11,0,1,1
BRDA:23,1,0,1
BRDA:23,1,1,1
BRDA:42,2,0,1
BRDA:42,2,1,2
BRDA:46,3,0,1
BRDA:46,3,1,1
BRDA:65,4,0,1
BRDA:65,4,1,2
BRDA:70,5,0,1
BRDA:70,5,1,1
BRDA:80,6,0,1
BRDA:80,6,1,3
BRDA:81,7,0,1
BRDA:81,7,1,2
BRDA:85,8,0,1
BRDA:85,8,1,2
BRDA:86,9,0,1
BRDA:86,9,1,1
BRF:20
BRH:20
end_of_record
TN:
SF:api\controllers\SheltersController.js
FN:7,(anonymous_0)
FN:18,(anonymous_1)
FN:29,(anonymous_2)
FN:42,(anonymous_3)
FN:57,(anonymous_4)
FNF:5
FNH:5
FNDA:3,(anonymous_0)
FNDA:3,(anonymous_1)
FNDA:4,(anonymous_2)
FNDA:3,(anonymous_3)
FNDA:3,(anonymous_4)
DA:1,1
DA:3,1
DA:8,3
DA:9,3
DA:10,2
DA:11,1
DA:13,1
DA:19,3
DA:20,3
DA:21,3
DA:22,2
DA:23,1
DA:25,1
DA:30,4
DA:31,4
DA:32,4
DA:33,3
DA:34,1
DA:36,3
DA:37,2
DA:38,1
DA:43,3
DA:44,3
DA:45,3
DA:46,3
DA:47,2
DA:48,1
DA:49,1
DA:51,2
DA:52,1
DA:58,3
DA:59,3
DA:60,3
DA:61,3
DA:62,2
DA:63,1
DA:65,2
DA:66,1
DA:71,1
LF:39
LH:39
BRDA:10,0,0,1
BRDA:10,0,1,1
BRDA:22,1,0,1
BRDA:22,1,1,1
BRDA:32,2,0,1
BRDA:32,2,1,3
BRDA:36,3,0,1
BRDA:36,3,1,2
BRDA:37,4,0,1
BRDA:37,4,1,1
BRDA:46,5,0,1
BRDA:46,5,1,2
BRDA:46,6,0,3
BRDA:46,6,1,3
BRDA:51,7,0,1
BRDA:51,7,1,1
BRDA:61,8,0,1
BRDA:61,8,1,2
BRDA:65,9,0,1
BRDA:65,9,1,1
BRF:20
BRH:20
end_of_record
TN:
SF:api\controllers\TutorsController.js
FN:7,(anonymous_0)
FN:18,(anonymous_1)
FN:29,(anonymous_2)
FN:42,(anonymous_3)
FN:57,(anonymous_4)
FNF:5
FNH:5
FNDA:3,(anonymous_0)
FNDA:3,(anonymous_1)
FNDA:4,(anonymous_2)
FNDA:3,(anonymous_3)
FNDA:3,(anonymous_4)
DA:1,1
DA:3,1
DA:8,3
DA:9,3
DA:10,2
DA:11,1
DA:13,1
DA:19,3
DA:20,3
DA:21,3
DA:22,2
DA:23,1
DA:25,1
DA:30,4
DA:31,4
DA:32,4
DA:33,3
DA:34,1
DA:36,3
DA:37,2
DA:38,1
DA:43,3
DA:44,3
DA:45,3
DA:46,3
DA:47,2
DA:48,1
DA:49,1
DA:51,2
DA:52,1
DA:58,3
DA:59,3
DA:60,3
DA:61,3
DA:62,2
DA:63,1
DA:65,2
DA:66,1
DA:71,1
LF:39
LH:39
BRDA:10,0,0,1
BRDA:10,0,1,1
BRDA:22,1,0,1
BRDA:22,1,1,1
BRDA:32,2,0,1
BRDA:32,2,1,3
BRDA:36,3,0,1
BRDA:36,3,1,2
BRDA:37,4,0,1
BRDA:37,4,1,1
BRDA:46,5,0,1
BRDA:46,5,1,2
BRDA:46,6,0,3
BRDA:46,6,1,3
BRDA:51,7,0,1
BRDA:51,7,1,1
BRDA:61,8,0,1
BRDA:61,8,1,2
BRDA:65,9,0,1
BRDA:65,9,1,1
BRF:20
BRH:20
end_of_record
TN:
SF:api\models\adoption.js
FN:5,(anonymous_0)
FN:12,(anonymous_1)
FNF:2
FNH:2
FNDA:8,(anonymous_0)
FNDA:8,(anonymous_1)
DA:3,8
DA:5,8
DA:14,8
DA:17,8
DA:22,8
DA:32,8
LF:6
LH:6
BRF:0
BRH:0
end_of_record
TN:
SF:api\models\index.js
FN:21,(anonymous_0)
FN:29,(anonymous_1)
FN:34,(anonymous_2)
FNF:3
FNH:3
FNDA:40,(anonymous_0)
FNDA:32,(anonymous_1)
FNDA:32,(anonymous_2)
DA:3,8
DA:4,8
DA:5,8
DA:6,8
DA:7,8
DA:8,8
DA:9,8
DA:10,8
DA:13,8
DA:14,0
DA:16,8
DA:19,8
DA:22,40
DA:30,32
DA:31,32
DA:34,8
DA:35,32
DA:36,32
DA:40,8
DA:41,8
DA:43,8
LF:21
LH:20
BRDA:8,0,0,8
BRDA:8,0,1,0
BRDA:13,1,0,0
BRDA:13,1,1,8
BRDA:23,2,0,40
BRDA:23,2,1,40
BRDA:23,2,2,32
BRDA:23,2,3,32
BRDA:35,3,0,32
BRDA:35,3,1,0
BRF:10
BRH:7
end_of_record
TN:
SF:api\models\pet.js
FN:5,(anonymous_0)
FN:12,(anonymous_1)
FNF:2
FNH:2
FNDA:8,(anonymous_0)
FNDA:8,(anonymous_1)
DA:3,8
DA:5,8
DA:14,8
DA:17,8
DA:22,8
DA:84,8
LF:6
LH:6
BRF:0
BRH:0
end_of_record
TN:
SF:api\models\shelter.js
FN:5,(anonymous_0)
FN:12,(anonymous_1)
FNF:2
FNH:2
FNDA:8,(anonymous_0)
FNDA:8,(anonymous_1)
DA:3,8
DA:5,8
DA:14,8
DA:19,8
DA:63,8
LF:5
LH:5
BRF:0
BRH:0
end_of_record
TN:
SF:api\models\tutor.js
FN:5,(anonymous_0)
FN:12,(anonymous_1)
FNF:2
FNH:2
FNDA:8,(anonymous_0)
FNDA:8,(anonymous_1)
DA:3,8
DA:5,8
DA:14,8
DA:19,8
DA:71,8
LF:5
LH:5
BRF:0
BRH:0
end_of_record
TN:
SF:api\services\AdoptionsServices.js
FN:6,(anonymous_0)
FN:11,(anonymous_1)
FN:18,(anonymous_2)
FN:26,(anonymous_3)
FN:30,(anonymous_4)
FNF:5
FNH:1
FNDA:1,(anonymous_0)
FNDA:0,(anonymous_1)
FNDA:0,(anonymous_2)
FNDA:0,(anonymous_3)
FNDA:0,(anonymous_4)
DA:1,4
DA:2,4
DA:3,4
DA:7,1
DA:8,1
DA:12,0
DA:13,0
DA:14,0
DA:15,0
DA:18,0
DA:19,0
DA:20,0
DA:23,0
DA:27,0
DA:28,0
DA:30,0
DA:31,0
DA:32,0
DA:37,4
LF:19
LH:6
BRDA:13,0,0,0
BRDA:13,0,1,0
BRDA:14,1,0,0
BRDA:14,1,1,0
BRDA:15,2,0,0
BRDA:15,2,1,0
BRDA:28,3,0,0
BRDA:28,3,1,0
BRF:8
BRH:0
end_of_record
TN:
SF:api\services\PetsServices.js
FN:5,(anonymous_0)
FN:9,(anonymous_1)
FN:13,(anonymous_2)
FN:19,(anonymous_3)
FN:25,(anonymous_4)
FNF:5
FNH:1
FNDA:2,(anonymous_0)
FNDA:0,(anonymous_1)
FNDA:0,(anonymous_2)
FNDA:0,(anonymous_3)
FNDA:0,(anonymous_4)
DA:1,4
DA:2,4
DA:6,2
DA:10,0
DA:14,0
DA:20,0
DA:26,0
DA:30,4
LF:8
LH:4
BRDA:9,0,0,0
BRDA:13,1,0,0
BRDA:19,2,0,0
BRDA:19,3,0,0
BRDA:25,4,0,0
BRDA:25,5,0,0
BRF:6
BRH:0
end_of_record
TN:
SF:api\services\Services.js
FN:4,(anonymous_0)
FN:8,(anonymous_1)
FN:12,(anonymous_2)
FN:16,(anonymous_3)
FN:20,(anonymous_4)
FN:24,(anonymous_5)
FNF:6
FNH:1
FNDA:5,(anonymous_0)
FNDA:0,(anonymous_1)
FNDA:0,(anonymous_2)
FNDA:0,(anonymous_3)
FNDA:0,(anonymous_4)
FNDA:0,(anonymous_5)
DA:1,4
DA:5,5
DA:9,0
DA:13,0
DA:17,0
DA:21,0
DA:25,0
DA:29,4
LF:8
LH:3
BRDA:8,0,0,0
BRDA:12,1,0,0
BRDA:16,2,0,0
BRDA:20,3,0,0
BRDA:24,4,0,0
BRF:5
BRH:0
end_of_record
TN:
SF:api\services\SheltersServices.js
FN:4,(anonymous_0)
FNF:1
FNH:1
FNDA:1,(anonymous_0)
DA:1,4
DA:5,1
DA:9,4
LF:3
LH:3
BRF:0
BRH:0
end_of_record
TN:
SF:api\services\TutorsServices.js
FN:4,(anonymous_0)
FNF:1
FNH:1
FNDA:1,(anonymous_0)
DA:1,4
DA:5,1
DA:9,4
LF:3
LH:3
BRF:0
BRH:0
end_of_record
TN:
SF:api\services\index.js
FNF:0
FNH:0
DA:1,4
DA:2,4
DA:3,4
DA:4,4
DA:6,4
LF:5
LH:5
BRF:0
BRH:0
end_of_record
